<?xml version="1.0" encoding="UTF-8"?>
<testng-results ignored="0" total="1" passed="1" failed="0" skipped="0">
  <reporter-output>
  </reporter-output>
  <suite started-at="2025-04-05T13:40:23 IST" name="Default suite" finished-at="2025-04-05T13:41:12 IST" duration-ms="49372">
    <groups>
    </groups>
    <test started-at="2025-04-05T13:40:23 IST" name="Default test" finished-at="2025-04-05T13:41:12 IST" duration-ms="49372">
      <class name="pK_2.workflow">
        <test-method signature="f()[pri:0, instance:pK_2.workflow@5e0826e7]" started-at="2025-04-05T13:40:23 IST" name="f" finished-at="2025-04-05T13:41:12 IST" duration-ms="49324" status="PASS">
          <reporter-output>
          </reporter-output>
        </test-method> <!-- f -->
      </class> <!-- pK_2.workflow -->
    </test> <!-- Default test -->
  </suite> <!-- Default suite -->
</testng-results>
